# JRE version: Java(TM) SE Runtime Environment (23.0.1+11) (build 23.0.1+11-39)
# Java VM: Java HotSpot(TM) 64-Bit Server VM (23.0.1+11-39, mixed mode, sharing, tiered, compressed oops, compressed class ptrs, g1 gc, windows-amd64)
GC Precious Log:
 CardTable entry size: 512
 Card Set container configuration: InlinePtr #cards 5 size 8 Array Of Cards #cards 10 size 36 Howl #buckets 4 coarsen threshold 1843 Howl Bitmap #cards 512 size 80 coarsen threshold 460 Card regions per heap region 1 cards per card region 2048
 CPUs: 8 total, 8 available
 Memory: 3863M
 Large Page Support: Disabled
 NUMA Support: Disabled
 Compressed Oops: Enabled (32-bit)
 Heap Region Size: 1M
 Heap Min Capacity: 8M
 Heap Initial Capacity: 62M
 Heap Max Capacity: 966M
 Pre-touch: Disabled
 Parallel Workers: 8
 Concurrent Workers: 2
 Concurrent Refinement Workers: 8
 Periodic GC: Disabled
Heap:
 garbage-first heap   total reserved 989184K, committed 83968K, used 52575K [0x00000000c3a00000, 0x0000000100000000)
  region size 1024K, 37 young (37888K), 3 survivors (3072K)
 Metaspace       used 19556K, committed 19904K, reserved 1114112K
  class space    used 2284K, committed 2432K, reserved 1048576K
GC Heap History (16 events):
Event: 2.059 GC heap before
{Heap before GC invocations=0 (full 0):
 garbage-first heap   total reserved 989184K, committed 63488K, used 23552K [0x00000000c3a00000, 0x0000000100000000)
  region size 1024K, 24 young (24576K), 0 survivors (0K)
 Metaspace       used 5855K, committed 6016K, reserved 1114112K
  class space    used 716K, committed 768K, reserved 1048576K
}
Event: 2.071 GC heap after
{Heap after GC invocations=1 (full 0):
 garbage-first heap   total reserved 989184K, committed 63488K, used 3848K [0x00000000c3a00000, 0x0000000100000000)
  region size 1024K, 3 young (3072K), 3 survivors (3072K)
 Metaspace       used 5855K, committed 6016K, reserved 1114112K
  class space    used 716K, committed 768K, reserved 1048576K
}
Event: 2.655 GC heap before
{Heap before GC invocations=1 (full 0):
 garbage-first heap   total reserved 989184K, committed 63488K, used 26376K [0x00000000c3a00000, 0x0000000100000000)
  region size 1024K, 25 young (25600K), 3 survivors (3072K)
 Metaspace       used 8097K, committed 8320K, reserved 1114112K
  class space    used 973K, committed 1088K, reserved 1048576K
}
Event: 2.664 GC heap after
{Heap after GC invocations=2 (full 0):
 garbage-first heap   total reserved 989184K, committed 63488K, used 5001K [0x00000000c3a00000, 0x0000000100000000)
  region size 1024K, 1 young (1024K), 1 survivors (1024K)
 Metaspace       used 8097K, committed 8320K, reserved 1114112K
  class space    used 973K, committed 1088K, reserved 1048576K
}
Event: 3.882 GC heap before
{Heap before GC invocations=2 (full 0):
 garbage-first heap   total reserved 989184K, committed 63488K, used 35721K [0x00000000c3a00000, 0x0000000100000000)
  region size 1024K, 32 young (32768K), 1 survivors (1024K)
 Metaspace       used 14258K, committed 14528K, reserved 1114112K
  class space    used 1794K, committed 1920K, reserved 1048576K
}
Event: 3.894 GC heap after
{Heap after GC invocations=3 (full 0):
 garbage-first heap   total reserved 989184K, committed 63488K, used 8192K [0x00000000c3a00000, 0x0000000100000000)
  region size 1024K, 4 young (4096K), 4 survivors (4096K)
 Metaspace       used 14258K, committed 14528K, reserved 1114112K
  class space    used 1794K, committed 1920K, reserved 1048576K
}
Event: 4.787 GC heap before
{Heap before GC invocations=3 (full 0):
 garbage-first heap   total reserved 989184K, committed 63488K, used 39936K [0x00000000c3a00000, 0x0000000100000000)
  region size 1024K, 35 young (35840K), 4 survivors (4096K)
 Metaspace       used 15701K, committed 16000K, reserved 1114112K
  class space    used 1936K, committed 2048K, reserved 1048576K
}
Event: 4.808 GC heap after
{Heap after GC invocations=4 (full 0):
 garbage-first heap   total reserved 989184K, committed 63488K, used 13312K [0x00000000c3a00000, 0x0000000100000000)
  region size 1024K, 5 young (5120K), 5 survivors (5120K)
 Metaspace       used 15701K, committed 16000K, reserved 1114112K
  class space    used 1936K, committed 2048K, reserved 1048576K
}
Event: 5.832 GC heap before
{Heap before GC invocations=4 (full 0):
 garbage-first heap   total reserved 989184K, committed 63488K, used 44032K [0x00000000c3a00000, 0x0000000100000000)
  region size 1024K, 35 young (35840K), 5 survivors (5120K)
 Metaspace       used 16120K, committed 16384K, reserved 1114112K
  class space    used 1943K, committed 2048K, reserved 1048576K
}
Event: 5.843 GC heap after
{Heap after GC invocations=5 (full 0):
 garbage-first heap   total reserved 989184K, committed 63488K, used 15222K [0x00000000c3a00000, 0x0000000100000000)
  region size 1024K, 2 young (2048K), 2 survivors (2048K)
 Metaspace       used 16120K, committed 16384K, reserved 1114112K
  class space    used 1943K, committed 2048K, reserved 1048576K
}
Event: 6.714 GC heap before
{Heap before GC invocations=5 (full 0):
 garbage-first heap   total reserved 989184K, committed 63488K, used 50038K [0x00000000c3a00000, 0x0000000100000000)
  region size 1024K, 29 young (29696K), 2 survivors (2048K)
 Metaspace       used 17376K, committed 17664K, reserved 1114112K
  class space    used 2075K, committed 2176K, reserved 1048576K
}
Event: 6.721 GC heap after
{Heap after GC invocations=6 (full 0):
 garbage-first heap   total reserved 989184K, committed 63488K, used 24576K [0x00000000c3a00000, 0x0000000100000000)
  region size 1024K, 3 young (3072K), 3 survivors (3072K)
 Metaspace       used 17376K, committed 17664K, reserved 1114112K
  class space    used 2075K, committed 2176K, reserved 1048576K
}
Event: 6.723 GC heap before
{Heap before GC invocations=6 (full 0):
 garbage-first heap   total reserved 989184K, committed 63488K, used 36864K [0x00000000c3a00000, 0x0000000100000000)
  region size 1024K, 4 young (4096K), 3 survivors (3072K)
 Metaspace       used 17376K, committed 17664K, reserved 1114112K
  class space    used 2075K, committed 2176K, reserved 1048576K
}
Event: 6.731 GC heap after
{Heap after GC invocations=7 (full 0):
 garbage-first heap   total reserved 989184K, committed 63488K, used 37051K [0x00000000c3a00000, 0x0000000100000000)
  region size 1024K, 2 young (2048K), 2 survivors (2048K)
 Metaspace       used 17376K, committed 17664K, reserved 1114112K
  class space    used 2075K, committed 2176K, reserved 1048576K
}
Event: 7.521 GC heap before
{Heap before GC invocations=8 (full 0):
 garbage-first heap   total reserved 989184K, committed 83968K, used 67771K [0x00000000c3a00000, 0x0000000100000000)
  region size 1024K, 20 young (20480K), 2 survivors (2048K)
 Metaspace       used 18328K, committed 18688K, reserved 1114112K
  class space    used 2164K, committed 2304K, reserved 1048576K
}
Event: 7.529 GC heap after
{Heap after GC invocations=9 (full 0):
 garbage-first heap   total reserved 989184K, committed 83968K, used 17759K [0x00000000c3a00000, 0x0000000100000000)
  region size 1024K, 3 young (3072K), 3 survivors (3072K)
 Metaspace       used 18328K, committed 18688K, reserved 1114112K
  class space    used 2164K, committed 2304K, reserved 1048576K
}

